{"timestamp":"2025-08-13T10:28:40.177Z","level":"INFO","message":"Starting Nest application...","filePath":"D:\\Games\\code\\serverClient\\ts\\Discordbot4\\node_modules\\@nestjs\\common\\services\\logger.service.js","lineNumber":57,"methodName":"log","context":{"nestContext":"NestFactory"}}
{"timestamp":"2025-08-13T10:28:40.205Z","level":"INFO","message":"Loading guild configurations into cache...","filePath":"D:\\Games\\code\\serverClient\\ts\\Discordbot4\\dist\\core.DiscordClient\\ConfigurationService.js","lineNumber":30,"methodName":"init"}
{"timestamp":"2025-08-13T10:28:40.207Z","level":"INFO","message":"TicketGuildsystemModule dependencies initialized","filePath":"D:\\Games\\code\\serverClient\\ts\\Discordbot4\\node_modules\\@nestjs\\common\\services\\logger.service.js","lineNumber":57,"methodName":"log","context":{"nestContext":"InstanceLoader"}}
{"timestamp":"2025-08-13T10:28:40.209Z","level":"INFO","message":"EventEmitterModule dependencies initialized","filePath":"D:\\Games\\code\\serverClient\\ts\\Discordbot4\\node_modules\\@nestjs\\common\\services\\logger.service.js","lineNumber":57,"methodName":"log","context":{"nestContext":"InstanceLoader"}}
{"timestamp":"2025-08-13T10:28:40.209Z","level":"INFO","message":"DiscoveryModule dependencies initialized","filePath":"D:\\Games\\code\\serverClient\\ts\\Discordbot4\\node_modules\\@nestjs\\common\\services\\logger.service.js","lineNumber":57,"methodName":"log","context":{"nestContext":"InstanceLoader"}}
{"timestamp":"2025-08-13T10:28:40.208Z","level":"INFO","message":"CoreModule dependencies initialized","filePath":"D:\\Games\\code\\serverClient\\ts\\Discordbot4\\node_modules\\@nestjs\\common\\services\\logger.service.js","lineNumber":57,"methodName":"log","context":{"nestContext":"InstanceLoader"}}
{"timestamp":"2025-08-13T10:28:40.215Z","level":"INFO","message":"Loaded 1 guild configurations.","filePath":"D:\\Games\\code\\serverClient\\ts\\Discordbot4\\dist\\core.DiscordClient\\ConfigurationService.js","lineNumber":36,"methodName":"init"}
{"timestamp":"2025-08-13T10:28:40.378Z","level":"INFO","message":"CoreModule dependencies initialized","filePath":"D:\\Games\\code\\serverClient\\ts\\Discordbot4\\node_modules\\@nestjs\\common\\services\\logger.service.js","lineNumber":57,"methodName":"log","context":{"nestContext":"InstanceLoader"}}
{"timestamp":"2025-08-13T10:28:40.379Z","level":"INFO","message":"AppModule dependencies initialized","filePath":"D:\\Games\\code\\serverClient\\ts\\Discordbot4\\node_modules\\@nestjs\\common\\services\\logger.service.js","lineNumber":57,"methodName":"log","context":{"nestContext":"InstanceLoader"}}
{"timestamp":"2025-08-13T10:28:40.382Z","level":"INFO","message":"ExampleModule dependencies initialized","filePath":"D:\\Games\\code\\serverClient\\ts\\Discordbot4\\node_modules\\@nestjs\\common\\services\\logger.service.js","lineNumber":57,"methodName":"log","context":{"nestContext":"InstanceLoader"}}
{"timestamp":"2025-08-13T10:28:40.383Z","level":"INFO","message":"LoggingUserInteractionsGuildModule dependencies initialized","filePath":"D:\\Games\\code\\serverClient\\ts\\Discordbot4\\node_modules\\@nestjs\\common\\services\\logger.service.js","lineNumber":57,"methodName":"log","context":{"nestContext":"InstanceLoader"}}
{"timestamp":"2025-08-13T10:28:40.385Z","level":"INFO","message":"HandlersModule dependencies initialized","filePath":"D:\\Games\\code\\serverClient\\ts\\Discordbot4\\node_modules\\@nestjs\\common\\services\\logger.service.js","lineNumber":57,"methodName":"log","context":{"nestContext":"InstanceLoader"}}
{"timestamp":"2025-08-13T10:28:40.386Z","level":"INFO","message":"GuildConfigModule dependencies initialized","filePath":"D:\\Games\\code\\serverClient\\ts\\Discordbot4\\node_modules\\@nestjs\\common\\services\\logger.service.js","lineNumber":57,"methodName":"log","context":{"nestContext":"InstanceLoader"}}
{"timestamp":"2025-08-13T10:28:40.389Z","level":"INFO","message":"Bootstrap logger initialized. Application starting...","filePath":"D:\\Games\\code\\serverClient\\ts\\Discordbot4\\dist\\main.js","lineNumber":15,"methodName":"start"}
{"timestamp":"2025-08-13T10:28:40.395Z","level":"INFO","message":"Searching for commands using DiscoveryService...","filePath":"D:\\Games\\code\\serverClient\\ts\\Discordbot4\\dist\\handlers.Global\\components.DiscordInteractions\\Command.handler.js","lineNumber":69,"methodName":"_loadCommands"}
{"timestamp":"2025-08-13T10:28:40.396Z","level":"INFO","message":"Command \"config\" discovered and loaded.","filePath":"D:\\Games\\code\\serverClient\\ts\\Discordbot4\\dist\\handlers.Global\\components.DiscordInteractions\\Command.handler.js","lineNumber":78,"methodName":"anonymous"}
{"timestamp":"2025-08-13T10:28:40.397Z","level":"INFO","message":"Command \"permissions\" discovered and loaded.","filePath":"D:\\Games\\code\\serverClient\\ts\\Discordbot4\\dist\\handlers.Global\\components.DiscordInteractions\\Command.handler.js","lineNumber":78,"methodName":"anonymous"}
{"timestamp":"2025-08-13T10:28:40.398Z","level":"INFO","message":"Command \"health-module\" discovered and loaded.","filePath":"D:\\Games\\code\\serverClient\\ts\\Discordbot4\\dist\\handlers.Global\\components.DiscordInteractions\\Command.handler.js","lineNumber":78,"methodName":"anonymous"}
{"timestamp":"2025-08-13T10:28:40.398Z","level":"INFO","message":"Command \"emit-event\" discovered and loaded.","filePath":"D:\\Games\\code\\serverClient\\ts\\Discordbot4\\dist\\handlers.Global\\components.DiscordInteractions\\Command.handler.js","lineNumber":78,"methodName":"anonymous"}
{"timestamp":"2025-08-13T10:28:40.407Z","level":"INFO","message":"Nest application successfully started","filePath":"D:\\Games\\code\\serverClient\\ts\\Discordbot4\\node_modules\\@nestjs\\common\\services\\logger.service.js","lineNumber":57,"methodName":"log","context":{"nestContext":"NestApplication"}}
{"timestamp":"2025-08-13T10:28:40.408Z","level":"INFO","message":"Attempting to log in to Discord...","filePath":"D:\\Games\\code\\serverClient\\ts\\Discordbot4\\dist\\core.DiscordClient\\Clientv2.js","lineNumber":53,"methodName":"start"}
{"timestamp":"2025-08-13T10:28:40.409Z","level":"INFO","message":"Discord event handlers registered.","filePath":"D:\\Games\\code\\serverClient\\ts\\Discordbot4\\dist\\core.DiscordClient\\Clientv2.js","lineNumber":75,"methodName":"_registerDiscordEventHandlers"}
{"timestamp":"2025-08-13T10:28:42.080Z","level":"INFO","message":"Application successfully started.","filePath":"D:\\Games\\code\\serverClient\\ts\\Discordbot4\\dist\\main.js","lineNumber":23,"methodName":"start"}
{"timestamp":"2025-08-13T10:28:42.162Z","level":"INFO","message":"EmbedFactory initialized.","filePath":"D:\\Games\\code\\serverClient\\ts\\Discordbot4\\dist\\utils.Global\\EmbedFactory.js","lineNumber":85,"methodName":"_initializeBotInfo"}
{"timestamp":"2025-08-13T10:28:42.164Z","level":"INFO","message":"Registering 4 commands on guild: 1074340840681517117","filePath":"D:\\Games\\code\\serverClient\\ts\\Discordbot4\\dist\\handlers.Global\\components.DiscordInteractions\\Command.handler.js","lineNumber":95,"methodName":"_registerCommands"}
{"timestamp":"2025-08-13T10:28:42.165Z","level":"INFO","message":"Bot has successfully logged in as SCP Foundation Mainframe AI#3569","filePath":"D:\\Games\\code\\serverClient\\ts\\Discordbot4\\dist\\core.DiscordClient\\Clientv2.js","lineNumber":56,"methodName":"anonymous"}
{"timestamp":"2025-08-13T10:28:42.485Z","level":"INFO","message":"All commands were successfully registered.","filePath":"D:\\Games\\code\\serverClient\\ts\\Discordbot4\\dist\\handlers.Global\\components.DiscordInteractions\\Command.handler.js","lineNumber":97,"methodName":"_registerCommands"}
